# JRE version: Java(TM) SE Runtime Environment (8.0_201-b09) (build 1.8.0_201-b09)
# Java VM: Java HotSpot(TM) 64-Bit Server VM (25.201-b09 mixed mode windows-amd64 compressed oops)
Heap:
 garbage-first heap   total 296960K, used 122880K [0x00000000c0000000, 0x00000000c0100910, 0x0000000100000000)
  region size 1024K, 15 young (15360K), 3 survivors (3072K)
 Metaspace       used 55709K, capacity 58818K, committed 59004K, reserved 1101824K
  class space    used 5820K, capacity 6717K, committed 6780K, reserved 1048576K
GC Heap History (10 events):
Event: 9.807 GC heap before
{Heap before GC invocations=11 (full 0):
 garbage-first heap   total 260096K, used 203602K [0x00000000c0000000, 0x00000000c01007f0, 0x0000000100000000)
  region size 1024K, 152 young (155648K), 16 survivors (16384K)
 Metaspace       used 47429K, capacity 50336K, committed 50428K, reserved 1093632K
  class space    used 4935K, capacity 5825K, committed 5884K, reserved 1048576K
Event: 9.817 GC heap after
Heap after GC invocations=12 (full 0):
 garbage-first heap   total 260096K, used 62975K [0x00000000c0000000, 0x00000000c01007f0, 0x0000000100000000)
  region size 1024K, 9 young (9216K), 9 survivors (9216K)
 Metaspace       used 47429K, capacity 50336K, committed 50428K, reserved 1093632K
  class space    used 4935K, capacity 5825K, committed 5884K, reserved 1048576K
}
Event: 13.360 GC heap before
{Heap before GC invocations=12 (full 0):
 garbage-first heap   total 260096K, used 211241K [0x00000000c0000000, 0x00000000c01007f0, 0x0000000100000000)
  region size 1024K, 152 young (155648K), 9 survivors (9216K)
 Metaspace       used 52105K, capacity 55112K, committed 55292K, reserved 1097728K
  class space    used 5423K, capacity 6355K, committed 6396K, reserved 1048576K
Event: 13.372 GC heap after
Heap after GC invocations=13 (full 0):
 garbage-first heap   total 260096K, used 71466K [0x00000000c0000000, 0x00000000c01007f0, 0x0000000100000000)
  region size 1024K, 16 young (16384K), 16 survivors (16384K)
 Metaspace       used 52105K, capacity 55112K, committed 55292K, reserved 1097728K
  class space    used 5423K, capacity 6355K, committed 6396K, reserved 1048576K
}
Event: 13.889 GC heap before
{Heap before GC invocations=13 (full 0):
 garbage-first heap   total 260096K, used 133267K [0x00000000c0000000, 0x00000000c01007f0, 0x0000000100000000)
  region size 1024K, 37 young (37888K), 16 survivors (16384K)
 Metaspace       used 54627K, capacity 57698K, committed 57852K, reserved 1099776K
  class space    used 5698K, capacity 6593K, committed 6652K, reserved 1048576K
Event: 13.901 GC heap after
Heap after GC invocations=14 (full 0):
 garbage-first heap   total 260096K, used 85224K [0x00000000c0000000, 0x00000000c01007f0, 0x0000000100000000)
  region size 1024K, 11 young (11264K), 11 survivors (11264K)
 Metaspace       used 54627K, capacity 57698K, committed 57852K, reserved 1099776K
  class space    used 5698K, capacity 6593K, committed 6652K, reserved 1048576K
}
Event: 17.081 GC heap before
{Heap before GC invocations=15 (full 0):
 garbage-first heap   total 260096K, used 233195K [0x00000000c0000000, 0x00000000c01007f0, 0x0000000100000000)
  region size 1024K, 138 young (141312K), 11 survivors (11264K)
 Metaspace       used 55135K, capacity 58202K, committed 58492K, reserved 1101824K
  class space    used 5756K, capacity 6654K, committed 6780K, reserved 1048576K
Event: 17.116 GC heap after
Heap after GC invocations=16 (full 0):
 garbage-first heap   total 296960K, used 117248K [0x00000000c0000000, 0x00000000c0100910, 0x0000000100000000)
  region size 1024K, 18 young (18432K), 18 survivors (18432K)
 Metaspace       used 55135K, capacity 58202K, committed 58492K, reserved 1101824K
  class space    used 5756K, capacity 6654K, committed 6780K, reserved 1048576K
}
Event: 17.119 GC heap before
{Heap before GC invocations=16 (full 0):
 garbage-first heap   total 296960K, used 118272K [0x00000000c0000000, 0x00000000c0100910, 0x0000000100000000)
  region size 1024K, 19 young (19456K), 18 survivors (18432K)
 Metaspace       used 55135K, capacity 58202K, committed 58492K, reserved 1101824K
  class space    used 5756K, capacity 6654K, committed 6780K, reserved 1048576K
Event: 17.138 GC heap after
Heap after GC invocations=17 (full 0):
 garbage-first heap   total 296960K, used 111616K [0x00000000c0000000, 0x00000000c0100910, 0x0000000100000000)
  region size 1024K, 3 young (3072K), 3 survivors (3072K)
 Metaspace       used 55135K, capacity 58202K, committed 58492K, reserved 1101824K
  class space    used 5756K, capacity 6654K, committed 6780K, reserved 1048576K
}

