# JRE version: Java(TM) SE Runtime Environment (8.0_201-b09) (build 1.8.0_201-b09)
# Java VM: Java HotSpot(TM) 64-Bit Server VM (25.201-b09 mixed mode windows-amd64 compressed oops)
Heap:
 PSYoungGen      total 263168K, used 120499K [0x000000076b700000, 0x000000077db80000, 0x00000007c0000000)
  eden space 257536K, 46% used [0x000000076b700000,0x0000000772cacf00,0x000000077b280000)
  from space 5632K, 0% used [0x000000077b280000,0x000000077b280000,0x000000077b800000)
  to   space 20992K, 0% used [0x000000077c700000,0x000000077c700000,0x000000077db80000)
 ParOldGen       total 241152K, used 31829K [0x00000006c2400000, 0x00000006d0f80000, 0x000000076b700000)
  object space 241152K, 13% used [0x00000006c2400000,0x00000006c4315438,0x00000006d0f80000)
 Metaspace       used 62828K, capacity 65984K, committed 66072K, reserved 1105920K
  class space    used 8135K, capacity 8731K, committed 8752K, reserved 1048576K
GC Heap History (10 events):
Event: 115.567 GC heap before
{Heap before GC invocations=15 (full 4):
 PSYoungGen      total 241664K, used 219648K [0x000000076b700000, 0x000000077bf80000, 0x00000007c0000000)
  eden space 219648K, 100% used [0x000000076b700000,0x0000000778d80000,0x0000000778d80000)
  from space 22016K, 0% used [0x000000077a300000,0x000000077a300000,0x000000077b880000)
  to   space 22016K, 0% used [0x0000000778d80000,0x0000000778d80000,0x000000077a300000)
 ParOldGen       total 241152K, used 32613K [0x00000006c2400000, 0x00000006d0f80000, 0x000000076b700000)
  object space 241152K, 13% used [0x00000006c2400000,0x00000006c43d9470,0x00000006d0f80000)
 Metaspace       used 61382K, capacity 64264K, committed 64408K, reserved 1105920K
  class space    used 8067K, capacity 8574K, committed 8624K, reserved 1048576K
Event: 115.574 GC heap after
Heap after GC invocations=15 (full 4):
 PSYoungGen      total 241664K, used 5587K [0x000000076b700000, 0x000000077dc80000, 0x00000007c0000000)
  eden space 219648K, 0% used [0x000000076b700000,0x000000076b700000,0x0000000778d80000)
  from space 22016K, 25% used [0x0000000778d80000,0x00000007792f4ee0,0x000000077a300000)
  to   space 21504K, 0% used [0x000000077c780000,0x000000077c780000,0x000000077dc80000)
 ParOldGen       total 241152K, used 32621K [0x00000006c2400000, 0x00000006d0f80000, 0x000000076b700000)
  object space 241152K, 13% used [0x00000006c2400000,0x00000006c43db470,0x00000006d0f80000)
 Metaspace       used 61382K, capacity 64264K, committed 64408K, reserved 1105920K
  class space    used 8067K, capacity 8574K, committed 8624K, reserved 1048576K
}
Event: 129.745 GC heap before
{Heap before GC invocations=16 (full 4):
 PSYoungGen      total 241664K, used 77819K [0x000000076b700000, 0x000000077dc80000, 0x00000007c0000000)
  eden space 219648K, 32% used [0x000000076b700000,0x000000076fd8a0c8,0x0000000778d80000)
  from space 22016K, 25% used [0x0000000778d80000,0x00000007792f4ee0,0x000000077a300000)
  to   space 21504K, 0% used [0x000000077c780000,0x000000077c780000,0x000000077dc80000)
 ParOldGen       total 241152K, used 32621K [0x00000006c2400000, 0x00000006d0f80000, 0x000000076b700000)
  object space 241152K, 13% used [0x00000006c2400000,0x00000006c43db470,0x00000006d0f80000)
 Metaspace       used 61884K, capacity 64918K, committed 65048K, reserved 1105920K
  class space    used 8092K, capacity 8634K, committed 8752K, reserved 1048576K
Event: 129.749 GC heap after
Heap after GC invocations=16 (full 4):
 PSYoungGen      total 279040K, used 4054K [0x000000076b700000, 0x000000077dc80000, 0x00000007c0000000)
  eden space 257536K, 0% used [0x000000076b700000,0x000000076b700000,0x000000077b280000)
  from space 21504K, 18% used [0x000000077c780000,0x000000077cb75ad0,0x000000077dc80000)
  to   space 21504K, 0% used [0x000000077b280000,0x000000077b280000,0x000000077c780000)
 ParOldGen       total 241152K, used 32629K [0x00000006c2400000, 0x00000006d0f80000, 0x000000076b700000)
  object space 241152K, 13% used [0x00000006c2400000,0x00000006c43dd470,0x00000006d0f80000)
 Metaspace       used 61884K, capacity 64918K, committed 65048K, reserved 1105920K
  class space    used 8092K, capacity 8634K, committed 8752K, reserved 1048576K
}
Event: 129.750 GC heap before
{Heap before GC invocations=17 (full 5):
 PSYoungGen      total 279040K, used 4054K [0x000000076b700000, 0x000000077dc80000, 0x00000007c0000000)
  eden space 257536K, 0% used [0x000000076b700000,0x000000076b700000,0x000000077b280000)
  from space 21504K, 18% used [0x000000077c780000,0x000000077cb75ad0,0x000000077dc80000)
  to   space 21504K, 0% used [0x000000077b280000,0x000000077b280000,0x000000077c780000)
 ParOldGen       total 241152K, used 32629K [0x00000006c2400000, 0x00000006d0f80000, 0x000000076b700000)
  object space 241152K, 13% used [0x00000006c2400000,0x00000006c43dd470,0x00000006d0f80000)
 Metaspace       used 61884K, capacity 64918K, committed 65048K, reserved 1105920K
  class space    used 8092K, capacity 8634K, committed 8752K, reserved 1048576K
Event: 129.915 GC heap after
Heap after GC invocations=17 (full 5):
 PSYoungGen      total 279040K, used 0K [0x000000076b700000, 0x000000077dc80000, 0x00000007c0000000)
  eden space 257536K, 0% used [0x000000076b700000,0x000000076b700000,0x000000077b280000)
  from space 21504K, 0% used [0x000000077c780000,0x000000077c780000,0x000000077dc80000)
  to   space 21504K, 0% used [0x000000077b280000,0x000000077b280000,0x000000077c780000)
 ParOldGen       total 241152K, used 30267K [0x00000006c2400000, 0x00000006d0f80000, 0x000000076b700000)
  object space 241152K, 12% used [0x00000006c2400000,0x00000006c418ef28,0x00000006d0f80000)
 Metaspace       used 61879K, capacity 64906K, committed 65048K, reserved 1105920K
  class space    used 8091K, capacity 8630K, committed 8752K, reserved 1048576K
}
Event: 136.416 GC heap before
{Heap before GC invocations=18 (full 5):
 PSYoungGen      total 279040K, used 179648K [0x000000076b700000, 0x000000077dc80000, 0x00000007c0000000)
  eden space 257536K, 69% used [0x000000076b700000,0x0000000776670238,0x000000077b280000)
  from space 21504K, 0% used [0x000000077c780000,0x000000077c780000,0x000000077dc80000)
  to   space 21504K, 0% used [0x000000077b280000,0x000000077b280000,0x000000077c780000)
 ParOldGen       total 241152K, used 30267K [0x00000006c2400000, 0x00000006d0f80000, 0x000000076b700000)
  object space 241152K, 12% used [0x00000006c2400000,0x00000006c418ef28,0x00000006d0f80000)
 Metaspace       used 62534K, capacity 65648K, committed 65816K, reserved 1105920K
  class space    used 8119K, capacity 8688K, committed 8752K, reserved 1048576K
Event: 136.421 GC heap after
Heap after GC invocations=18 (full 5):
 PSYoungGen      total 263168K, used 5125K [0x000000076b700000, 0x000000077db80000, 0x00000007c0000000)
  eden space 257536K, 0% used [0x000000076b700000,0x000000076b700000,0x000000077b280000)
  from space 5632K, 91% used [0x000000077b280000,0x000000077b781520,0x000000077b800000)
  to   space 20992K, 0% used [0x000000077c700000,0x000000077c700000,0x000000077db80000)
 ParOldGen       total 241152K, used 30275K [0x00000006c2400000, 0x00000006d0f80000, 0x000000076b700000)
  object space 241152K, 12% used [0x00000006c2400000,0x00000006c4190f28,0x00000006d0f80000)
 Metaspace       used 62534K, capacity 65648K, committed 65816K, reserved 1105920K
  class space    used 8119K, capacity 8688K, committed 8752K, reserved 1048576K
}
Event: 136.421 GC heap before
{Heap before GC invocations=19 (full 6):
 PSYoungGen      total 263168K, used 5125K [0x000000076b700000, 0x000000077db80000, 0x00000007c0000000)
  eden space 257536K, 0% used [0x000000076b700000,0x000000076b700000,0x000000077b280000)
  from space 5632K, 91% used [0x000000077b280000,0x000000077b781520,0x000000077b800000)
  to   space 20992K, 0% used [0x000000077c700000,0x000000077c700000,0x000000077db80000)
 ParOldGen       total 241152K, used 30275K [0x00000006c2400000, 0x00000006d0f80000, 0x000000076b700000)
  object space 241152K, 12% used [0x00000006c2400000,0x00000006c4190f28,0x00000006d0f80000)
 Metaspace       used 62534K, capacity 65648K, committed 65816K, reserved 1105920K
  class space    used 8119K, capacity 8688K, committed 8752K, reserved 1048576K
Event: 136.641 GC heap after
Heap after GC invocations=19 (full 6):
 PSYoungGen      total 263168K, used 0K [0x000000076b700000, 0x000000077db80000, 0x00000007c0000000)
  eden space 257536K, 0% used [0x000000076b700000,0x000000076b700000,0x000000077b280000)
  from space 5632K, 0% used [0x000000077b280000,0x000000077b280000,0x000000077b800000)
  to   space 20992K, 0% used [0x000000077c700000,0x000000077c700000,0x000000077db80000)
 ParOldGen       total 241152K, used 31829K [0x00000006c2400000, 0x00000006d0f80000, 0x000000076b700000)
  object space 241152K, 13% used [0x00000006c2400000,0x00000006c4315438,0x00000006d0f80000)
 Metaspace       used 62532K, capacity 65642K, committed 65816K, reserved 1105920K
  class space    used 8119K, capacity 8686K, committed 8752K, reserved 1048576K
}

